[2021-08-23 01:51:36] [32mHTTP POST /api/v1/users[39m, 404, 3, localhost:3000
[2021-08-23 01:51:54] [32mHTTP POST /api/v1/users[39m, 400, 24, localhost:3000
[2021-08-23 01:56:12] [32mHTTP POST /api/v1/users[39m, 201, 2102, localhost:3000
[2021-08-23 02:03:59] [32mHTTP POST /api/v1/users/login[39m, 200, 31, localhost:3000
[2021-08-23 02:05:40] [32mHTTP POST /api/v1/users/login[39m, 400, 19, localhost:3000
[2021-08-23 02:16:32] [32mHTTP POST /api/v1/users/login[39m, 200, 14, localhost:3000
[2021-08-23 02:20:00] [32mHTTP POST /api/v1/pokemons[39m, 403, 3, localhost:3000
[2021-08-23 02:21:35] [32mHTTP POST /api/v1/users/login[39m, 200, 16, localhost:3000
[2021-08-23 02:22:02] [32mHTTP POST /api/v1/pokemons[39m, 403, 3, localhost:3000
[2021-08-23 02:22:07] [32mHTTP POST /api/v1/users/login[39m, 200, 17, localhost:3000
[2021-08-23 02:22:18] [32mHTTP POST /api/v1/pokemons[39m, 403, 2, localhost:3000
[2021-08-23 02:33:19] [32mHTTP POST /api/v1/users/login[39m, 200, 32, localhost:3000
[2021-08-23 02:33:46] [32mHTTP POST /api/v1/pokemons[39m, 201, 15, localhost:3000
[2021-08-23 03:39:35] [32mHTTP POST /api/v1/users/login[39m, 200, 32, localhost:3000
[2021-08-23 03:40:03] [32mHTTP POST /api/v1/pokemons[39m, 201, 15, localhost:3000
[2021-08-23 03:40:35] [32mHTTP POST /api/v1/pokemons[39m, 201, 6, localhost:3000
[2021-08-23 03:42:17] [32mHTTP POST /api/v1/pokemons[39m, 201, 29, localhost:3000
[2021-08-23 03:42:38] [32mHTTP POST /api/v1/pokemons[39m, 201, 7, localhost:3000
[2021-08-23 03:55:19] [32mHTTP PATCH /api/v1/pokemons[39m, 400, 8, localhost:3000
[2021-08-23 03:56:14] [32mHTTP PATCH /api/v1/pokemons[39m, 201, 32, localhost:3000
[2021-08-23 04:00:13] [32mHTTP PATCH /api/v1/pokemons[39m, 403, 5, localhost:3000
[2021-08-23 04:00:17] [32mHTTP POST /api/v1/users/login[39m, 200, 31, localhost:3000
[2021-08-23 04:00:36] [32mHTTP PATCH /api/v1/pokemons[39m, 201, 13, localhost:3000
[2021-08-23 04:03:43] [32mHTTP PATCH /api/v1/pokemons[39m, 201, 27, localhost:3000
[2021-08-23 04:04:32] [32mHTTP PATCH /api/v1/pokemons[39m, 201, 27, localhost:3000
[2021-08-23 04:13:41] [32mHTTP PATCH /api/v1/pokemons[39m, 400, 44, localhost:3000
[2021-08-23 04:15:40] [32mHTTP PATCH /api/v1/pokemons[39m, 201, 87, localhost:3000
[2021-08-23 04:16:29] [32mHTTP PATCH /api/v1/pokemons[39m, 201, 19, localhost:3000
[2021-08-23 04:29:48] [32mHTTP PATCH /api/v1/pokemons[39m, 403, 11, localhost:3000
[2021-08-23 04:29:52] [32mHTTP POST /api/v1/users/login[39m, 200, 53, localhost:3000
[2021-08-23 04:30:13] [32mHTTP PATCH /api/v1/pokemons[39m, 400, 10, localhost:3000
[2021-08-23 04:31:11] [32mHTTP PATCH /api/v1/pokemons[39m, 400, 36, localhost:3000
[2021-08-23 04:35:44] [32mHTTP PATCH /api/v1/pokemons[39m, 400, 34, localhost:3000
[2021-08-23 04:49:26] [32mHTTP PATCH /api/v1/pokemons[39m, 201, 53, localhost:3000
[2021-08-23 04:49:50] [32mHTTP PATCH /api/v1/pokemons[39m, 400, 11, localhost:3000
[2021-08-23 04:53:03] [32mHTTP PATCH /api/v1/pokemons[39m, 403, 8, localhost:3000
[2021-08-23 04:53:07] [32mHTTP POST /api/v1/users/login[39m, 200, 55, localhost:3000
[2021-08-23 04:53:19] [32mHTTP PATCH /api/v1/pokemons[39m, 201, 33, localhost:3000
[2021-08-23 04:53:29] [32mHTTP PATCH /api/v1/pokemons[39m, 201, 19, localhost:3000
[2021-08-23 05:08:40] [32mHTTP PATCH /api/v1/pokemons[39m, 201, 17, localhost:3000
[2021-08-23 05:09:34] [32mHTTP DELETE /api/v1/pokemons/kpL3fEk9Q[39m, 400, 9, localhost:3000
[2021-08-23 05:12:18] [32mHTTP DELETE /api/v1/pokemons/kpL3fEk9Q[39m, 400, 33, localhost:3000
[2021-08-23 05:13:32] [32mHTTP DELETE /api/v1/pokemons/kpL3fEk9Q[39m, 403, 10, localhost:3000
[2021-08-23 05:13:36] [32mHTTP POST /api/v1/users/login[39m, 200, 58, localhost:3000
[2021-08-23 05:13:48] [32mHTTP DELETE /api/v1/pokemons/kpL3fEk9Q[39m, 400, 8, localhost:3000
[2021-08-23 05:14:11] [32mHTTP DELETE /api/v1/pokemons/kpL3fEk9Q[39m, 201, 47, localhost:3000
[2021-08-23 05:21:13] [32mHTTP DELETE /api/v1/pokemons/kpL3fEk9Q[39m, 201, 59, localhost:3000
[2021-08-23 05:21:43] [32mHTTP DELETE /api/v1/pokemons/kpL3fEk9Q[39m, 201, 47, localhost:3000
[2021-08-23 05:24:28] [32mHTTP DELETE /api/v1/pokemons/kpL3fEk9Q[39m, 201, 51, localhost:3000
[2021-08-23 05:25:12] [32mHTTP DELETE /api/v1/pokemons/Qwu6A07mV[39m, 400, 12, localhost:3000
[2021-08-23 05:25:33] [32mHTTP DELETE /api/v1/pokemons/Qwu6A07mV[39m, 400, 11, localhost:3000
[2021-08-23 05:25:52] [32mHTTP DELETE /api/v1/pokemons/Qwu6A07mV[39m, 400, 11, localhost:3000
[2021-08-23 05:26:39] [32mHTTP DELETE /api/v1/pokemons/Qwu6A07mV[39m, 400, 43, localhost:3000
[2021-08-23 05:27:23] [32mHTTP DELETE /api/v1/pokemons/Qwu6A07mV[39m, 201, 47, localhost:3000
[2021-08-23 05:29:58] [32mHTTP DELETE /api/v1/pokemons/Qwu6A07mV[39m, 400, 13, localhost:3000
[2021-08-23 05:33:48] [32mHTTP POST /api/v1/users/login[39m, 200, 30, localhost:3000
[2021-08-23 05:34:14] [32mHTTP POST /api/v1/users[39m, 400, 2, localhost:3000
[2021-08-23 05:34:27] [32mHTTP POST /api/v1/likes[39m, 400, 12, localhost:3000
[2021-08-23 05:35:40] [32mHTTP POST /api/v1/likes[39m, 400, 40, localhost:3000
[2021-08-23 05:53:28] [32mHTTP POST /api/v1/users/login[39m, 200, 30, localhost:3000
[2021-08-23 05:54:38] [32mHTTP POST /api/v1/likes[39m, 400, 15, localhost:3000
[2021-08-23 05:58:07] [32mHTTP POST /api/v1/likes[39m, 400, 12, localhost:3000
[2021-08-23 05:58:40] [32mHTTP POST /api/v1/likes[39m, 400, 36, localhost:3000
[2021-08-23 06:04:49] [32mHTTP POST /api/v1/likes[39m, 400, 16, localhost:3000
[2021-08-23 06:05:07] [32mHTTP POST /api/v1/likes[39m, 400, 37, localhost:3000
[2021-08-23 06:12:22] [32mHTTP POST /api/v1/likes[39m, 201, 87, localhost:3000
[2021-08-23 06:12:50] [32mHTTP POST /api/v1/likes[39m, 201, 23, localhost:3000
[2021-08-23 06:13:04] [32mHTTP POST /api/v1/likes[39m, 201, 22, localhost:3000
[2021-08-23 06:17:41] [32mHTTP POST /api/v1/likes[39m, 403, 5, localhost:3000
[2021-08-23 06:17:44] [32mHTTP POST /api/v1/users/login[39m, 200, 31, localhost:3000
[2021-08-23 06:18:13] [32mHTTP POST /api/v1/likes[39m, 201, 20, localhost:3000
[2021-08-23 06:18:20] [32mHTTP POST /api/v1/likes[39m, 201, 20, localhost:3000
[2021-08-23 06:18:44] [32mHTTP GET /api/v1/likes[39m, 200, 10, localhost:3000
[2021-08-23 06:19:18] [32mHTTP GET /api/v1/likes[39m, 200, 39, localhost:3000
[2021-08-23 06:21:17] [32mHTTP GET /api/v1/likes?limit=1[39m, 200, 12, localhost:3000
[2021-08-23 06:21:22] [32mHTTP GET /api/v1/likes?limit=2[39m, 200, 9, localhost:3000
[2021-08-23 06:21:39] [32mHTTP GET /api/v1/likes?limit=1&page=1[39m, 200, 7, localhost:3000
[2021-08-23 06:21:43] [32mHTTP GET /api/v1/likes?limit=1[39m, 200, 8, localhost:3000
[2021-08-23 06:21:48] [32mHTTP GET /api/v1/likes?limit=1&page=0[39m, 200, 8, localhost:3000
[2021-08-23 06:21:51] [32mHTTP GET /api/v1/likes?limit=1&page=1[39m, 200, 6, localhost:3000
[2021-08-23 06:21:56] [32mHTTP GET /api/v1/likes?limit=2&page=0[39m, 200, 8, localhost:3000
[2021-08-23 06:22:07] [32mHTTP GET /api/v1/likes?limit=2&page=1[39m, 200, 7, localhost:3000
[2021-08-23 06:25:52] [32mHTTP POST /api/v1/likes[39m, 400, 12, localhost:3000
[2021-08-23 06:26:51] [32mHTTP POST /api/v1/likes[39m, 201, 20, localhost:3000
[2021-08-23 06:29:32] [32mHTTP POST /api/v1/likes[39m, 201, 51, localhost:3000
[2021-08-23 06:32:09] [32mHTTP GET /api/v1/likes?limit=2&page=1[39m, 200, 14, localhost:3000
[2021-08-23 06:32:15] [32mHTTP GET /api/v1/likes?limit=1&page=0[39m, 200, 7, localhost:3000
[2021-08-23 06:32:19] [32mHTTP GET /api/v1/likes?limit=1&page=1[39m, 200, 8, localhost:3000
[2021-08-23 06:32:21] [32mHTTP GET /api/v1/likes?limit=1&page=1[39m, 200, 6, localhost:3000
[2021-08-23 06:32:27] [32mHTTP GET /api/v1/likes?limit=1&page=2[39m, 200, 7, localhost:3000
[2021-08-23 06:32:29] [32mHTTP GET /api/v1/likes?limit=1&page=3[39m, 200, 7, localhost:3000
[2021-08-23 06:34:59] [32mHTTP GET /api/v1/pokemons?limit=1&page=1[39m, 200, 7, localhost:3000
[2021-08-23 06:35:04] [32mHTTP GET /api/v1/pokemons?limit=10&page=1[39m, 200, 7, localhost:3000
[2021-08-23 06:35:08] [32mHTTP GET /api/v1/pokemons?limit=1&page=1[39m, 200, 7, localhost:3000
[2021-08-23 06:35:11] [32mHTTP GET /api/v1/pokemons?limit=2&page=1[39m, 200, 5, localhost:3000
[2021-08-23 06:35:17] [32mHTTP GET /api/v1/pokemons?limit=10&page=1[39m, 200, 6, localhost:3000
[2021-08-23 06:35:20] [32mHTTP GET /api/v1/pokemons?limit=10&page=0[39m, 200, 6, localhost:3000
[2021-08-23 06:35:32] [32mHTTP GET /api/v1/pokemons?limit=2&page=0[39m, 200, 7, localhost:3000
[2021-08-23 06:35:47] [32mHTTP GET /api/v1/pokemons?page=0&limit=1[39m, 200, 5, localhost:3000
[2021-08-24 02:25:57] [32mHTTP POST /api/v1/users[39m, 201, 112, localhost:3000
[2021-08-24 02:27:52] [32mHTTP POST /api/v1/users[39m, 201, 45, localhost:3000
[2021-08-24 02:29:23] [32mHTTP POST /api/v1/users[39m, 201, 53, localhost:3000
[2021-08-24 02:29:38] [32mHTTP POST /v1/users/login[39m, 404, 2, localhost:3000
[2021-08-24 02:29:59] [32mHTTP POST /v1/users/login[39m, 404, 0, localhost:3000
[2021-08-24 02:30:22] [32mHTTP POST /api/v1/users/login[39m, 200, 63, localhost:3000
[2021-08-24 07:29:22] [32mHTTP POST /api/v1/users/login[39m, 400, 61, localhost:3000
[2021-08-24 07:29:28] [32mHTTP POST /api/v1/users[39m, 201, 96, localhost:3000
[2021-08-24 07:29:32] [32mHTTP POST /api/v1/users/login[39m, 200, 64, localhost:3000
[2021-08-24 07:32:02] [32mHTTP POST /api/v1/users[39m, 400, 94, localhost:3000
[2021-08-24 07:52:49] [32mHTTP POST /api/v1/users[39m, 400, 152, localhost:3000
